2025-02-27 18:58:27 - train_20250227_185827 - [0;32mINFO[0m - [0;32mä½¿ç”¨å•ä¸ªGPU: NVIDIA GeForce RTX 3050 Laptop GPU[0m
2025-02-27 18:58:27 - train_20250227_185827 - [0;32mINFO[0m - [0;32må½“å‰CUDAç‰ˆæœ¬: 11.6[0m
2025-02-27 18:58:27 - train_20250227_185827 - [0;32mINFO[0m - [0;32må¯ç”¨GPUæ•°é‡: 1[0m
2025-02-27 18:58:27 - train_20250227_185827 - [0;32mINFO[0m - [0;32må½“å‰GPUè®¾å¤‡: cuda:0[0m
2025-02-27 18:58:27 - train_20250227_185827 - [0;32mINFO[0m - [0;32mGPUåç§°: NVIDIA GeForce RTX 3050 Laptop GPU[0m
2025-02-27 18:58:27 - train_20250227_185827 - [0;32mINFO[0m - [0;32mCUDNNæ˜¯å¦å¯ç”¨: True[0m
2025-02-27 18:58:27 - train_20250227_185827 - [0;32mINFO[0m - [0;32mCUDNNç‰ˆæœ¬: 8302[0m
2025-02-27 18:58:29 - train_20250227_185827 - [0;32mINFO[0m - [0;32mæ™ºèƒ½ä½“åˆ›å»ºæˆåŠŸ[0m
2025-02-27 18:58:29 - train_20250227_185827 - [0;32mINFO[0m - [0;32mé…ç½®å·²ä¿å­˜è‡³: logs\train_20250227_185827\config.yaml[0m
2025-02-27 18:58:29 - train_20250227_185827 - [0;32mINFO[0m - [0;32må¼€å§‹è®­ç»ƒ...[0m
2025-02-27 18:58:29 - train_20250227_185827 - [0;32mINFO[0m - [0;32mEpisode: 0/300, Reward: 60.44, Loss: 0.000000, Epsilon: 1.0000, Speed: 2214.90 steps/s[0m
2025-02-27 18:58:31 - train_20250227_185827 - [0;32mINFO[0m - [0;32mæ¨¡å‹å·²ä¿å­˜è‡³: checkpoints\model_best.pth[0m
2025-02-27 18:58:31 - train_20250227_185827 - [0;32mINFO[0m - [0;32mæ¨¡å‹å·²ä¿å­˜è‡³: checkpoints\model_episode_0.pth[0m
2025-02-27 18:58:31 - train_20250227_185827 - [0;32mINFO[0m - [0;32mæ¨¡å‹å·²ä¿å­˜è‡³: checkpoints\model_best.pth[0m
2025-02-27 18:58:33 - train_20250227_185827 - [0;32mINFO[0m - [0;32mæ¨¡å‹å·²ä¿å­˜è‡³: checkpoints\model_best.pth[0m
2025-02-27 18:58:34 - train_20250227_185827 - [0;32mINFO[0m - [0;32mæ¨¡å‹å·²ä¿å­˜è‡³: checkpoints\model_best.pth[0m
2025-02-27 18:58:42 - train_20250227_185827 - [0;32mINFO[0m - [0;32mæ¨¡å‹å·²ä¿å­˜è‡³: checkpoints\model_episode_50.pth[0m
2025-02-27 18:58:56 - train_20250227_185827 - [0;32mINFO[0m - [0;32mEpisode: 100/300, Reward: -699.05, Loss: 4795.741226, Epsilon: 0.0100, Speed: 55.23 steps/s[0m
2025-02-27 18:58:58 - train_20250227_185827 - [0;32mINFO[0m - [0;32mæ¨¡å‹å·²ä¿å­˜è‡³: checkpoints\model_episode_100.pth[0m
2025-02-27 18:59:11 - train_20250227_185827 - [0;32mINFO[0m - [0;32mæ¨¡å‹å·²ä¿å­˜è‡³: checkpoints\model_episode_150.pth[0m
2025-02-27 18:59:26 - train_20250227_185827 - [0;32mINFO[0m - [0;32mEpisode: 200/300, Reward: 131.89, Loss: 6847.288066, Epsilon: 0.0100, Speed: 56.61 steps/s[0m
2025-02-27 18:59:28 - train_20250227_185827 - [0;32mINFO[0m - [0;32mæ¨¡å‹å·²ä¿å­˜è‡³: checkpoints\model_episode_200.pth[0m
2025-02-27 18:59:42 - train_20250227_185827 - [0;32mINFO[0m - [0;32mæ¨¡å‹å·²ä¿å­˜è‡³: checkpoints\model_episode_250.pth[0m
2025-02-27 18:59:56 - train_20250227_185827 - [0;32mINFO[0m - [0;32mè®­ç»ƒå†å²å·²ä¿å­˜è‡³: logs\train_20250227_185827\training_history.json[0m
2025-02-27 18:59:58 - train_20250227_185827 - [0;32mINFO[0m - [0;32mè®­ç»ƒå®Œæˆï¼[0m
