2025-02-27 18:40:08 - train_20250227_184008 - [0;32mINFO[0m - [0;32mä½¿ç”¨å•ä¸ªGPU: NVIDIA GeForce RTX 3050 Laptop GPU[0m
2025-02-27 18:40:08 - train_20250227_184008 - [0;32mINFO[0m - [0;32må½“å‰CUDAç‰ˆæœ¬: 11.6[0m
2025-02-27 18:40:08 - train_20250227_184008 - [0;32mINFO[0m - [0;32må¯ç”¨GPUæ•°é‡: 1[0m
2025-02-27 18:40:08 - train_20250227_184008 - [0;32mINFO[0m - [0;32må½“å‰GPUè®¾å¤‡: cuda:0[0m
2025-02-27 18:40:08 - train_20250227_184008 - [0;32mINFO[0m - [0;32mGPUåç§°: NVIDIA GeForce RTX 3050 Laptop GPU[0m
2025-02-27 18:40:08 - train_20250227_184008 - [0;32mINFO[0m - [0;32mCUDNNæ˜¯å¦å¯ç”¨: True[0m
2025-02-27 18:40:08 - train_20250227_184008 - [0;32mINFO[0m - [0;32mCUDNNç‰ˆæœ¬: 8302[0m
2025-02-27 18:40:10 - train_20250227_184008 - [0;32mINFO[0m - [0;32mæ™ºèƒ½ä½“åˆ›å»ºæˆåŠŸ[0m
2025-02-27 18:40:10 - train_20250227_184008 - [0;32mINFO[0m - [0;32mé…ç½®å·²ä¿å­˜è‡³: logs\train_20250227_184008\config.yaml[0m
2025-02-27 18:40:10 - train_20250227_184008 - [0;32mINFO[0m - [0;32må¼€å§‹è®­ç»ƒ...[0m
2025-02-27 18:40:10 - train_20250227_184008 - [0;32mINFO[0m - [0;32mEpisode: 0/300, Reward: -135.15, Loss: 0.000000, Epsilon: 1.0000, Speed: 1695.65 steps/s[0m
2025-02-27 18:40:12 - train_20250227_184008 - [0;32mINFO[0m - [0;32mæ¨¡å‹å·²ä¿å­˜è‡³: checkpoints\model_best.pth[0m
2025-02-27 18:40:12 - train_20250227_184008 - [0;32mINFO[0m - [0;32mæ¨¡å‹å·²ä¿å­˜è‡³: checkpoints\model_episode_0.pth[0m
2025-02-27 18:40:12 - train_20250227_184008 - [0;32mINFO[0m - [0;32mæ¨¡å‹å·²ä¿å­˜è‡³: checkpoints\model_best.pth[0m
2025-02-27 18:40:12 - train_20250227_184008 - [0;32mINFO[0m - [0;32mæ¨¡å‹å·²ä¿å­˜è‡³: checkpoints\model_best.pth[0m
2025-02-27 18:40:12 - train_20250227_184008 - [0;32mINFO[0m - [0;32mæ¨¡å‹å·²ä¿å­˜è‡³: checkpoints\model_best.pth[0m
2025-02-27 18:40:12 - train_20250227_184008 - [0;32mINFO[0m - [0;32mæ¨¡å‹å·²ä¿å­˜è‡³: checkpoints\model_best.pth[0m
2025-02-27 18:40:13 - train_20250227_184008 - [0;32mINFO[0m - [0;32mæ¨¡å‹å·²ä¿å­˜è‡³: checkpoints\model_best.pth[0m
2025-02-27 18:40:13 - train_20250227_184008 - [0;32mINFO[0m - [0;32mæ¨¡å‹å·²ä¿å­˜è‡³: checkpoints\model_best.pth[0m
2025-02-27 18:40:14 - train_20250227_184008 - [0;32mINFO[0m - [0;32mæ¨¡å‹å·²ä¿å­˜è‡³: checkpoints\model_best.pth[0m
2025-02-27 18:40:18 - train_20250227_184008 - [0;32mINFO[0m - [0;32mæ¨¡å‹å·²ä¿å­˜è‡³: checkpoints\model_best.pth[0m
2025-02-27 18:40:21 - train_20250227_184008 - [0;32mINFO[0m - [0;32mæ¨¡å‹å·²ä¿å­˜è‡³: checkpoints\model_episode_50.pth[0m
2025-02-27 18:40:34 - train_20250227_184008 - [0;32mINFO[0m - [0;32mEpisode: 100/300, Reward: -114.78, Loss: 6705.349284, Epsilon: 0.0100, Speed: 56.50 steps/s[0m
2025-02-27 18:40:37 - train_20250227_184008 - [0;32mINFO[0m - [0;32mæ¨¡å‹å·²ä¿å­˜è‡³: checkpoints\model_episode_100.pth[0m
2025-02-27 18:40:51 - train_20250227_184008 - [0;32mINFO[0m - [0;32mæ¨¡å‹å·²ä¿å­˜è‡³: checkpoints\model_episode_150.pth[0m
2025-02-27 18:41:08 - train_20250227_184008 - [0;32mINFO[0m - [0;32mEpisode: 200/300, Reward: -86.04, Loss: 7101.410350, Epsilon: 0.0100, Speed: 49.35 steps/s[0m
2025-02-27 18:41:10 - train_20250227_184008 - [0;32mINFO[0m - [0;32mæ¨¡å‹å·²ä¿å­˜è‡³: checkpoints\model_episode_200.pth[0m
2025-02-27 18:41:22 - train_20250227_184008 - [0;32mINFO[0m - [0;32mæ¨¡å‹å·²ä¿å­˜è‡³: checkpoints\model_episode_250.pth[0m
2025-02-27 18:41:35 - train_20250227_184008 - [0;32mINFO[0m - [0;32mè®­ç»ƒå†å²å·²ä¿å­˜è‡³: logs\train_20250227_184008\training_history.json[0m
2025-02-27 18:41:38 - train_20250227_184008 - [0;32mINFO[0m - [0;32mè®­ç»ƒå®Œæˆï¼[0m
