2025-02-27 19:03:42 - train_20250227_190342 - [0;32mINFO[0m - [0;32mä½¿ç”¨å•ä¸ªGPU: NVIDIA GeForce RTX 3050 Laptop GPU[0m
2025-02-27 19:03:42 - train_20250227_190342 - [0;32mINFO[0m - [0;32må½“å‰CUDAç‰ˆæœ¬: 11.6[0m
2025-02-27 19:03:42 - train_20250227_190342 - [0;32mINFO[0m - [0;32må¯ç”¨GPUæ•°é‡: 1[0m
2025-02-27 19:03:42 - train_20250227_190342 - [0;32mINFO[0m - [0;32må½“å‰GPUè®¾å¤‡: cuda:0[0m
2025-02-27 19:03:42 - train_20250227_190342 - [0;32mINFO[0m - [0;32mGPUåç§°: NVIDIA GeForce RTX 3050 Laptop GPU[0m
2025-02-27 19:03:42 - train_20250227_190342 - [0;32mINFO[0m - [0;32mCUDNNæ˜¯å¦å¯ç”¨: True[0m
2025-02-27 19:03:42 - train_20250227_190342 - [0;32mINFO[0m - [0;32mCUDNNç‰ˆæœ¬: 8302[0m
2025-02-27 19:03:44 - train_20250227_190342 - [0;32mINFO[0m - [0;32mæ™ºèƒ½ä½“åˆ›å»ºæˆåŠŸ[0m
2025-02-27 19:03:44 - train_20250227_190342 - [0;32mINFO[0m - [0;32mé…ç½®å·²ä¿å­˜è‡³: logs\train_20250227_190342\config.yaml[0m
2025-02-27 19:03:44 - train_20250227_190342 - [0;32mINFO[0m - [0;32må¼€å§‹è®­ç»ƒ...[0m
2025-02-27 19:03:44 - train_20250227_190342 - [0;32mINFO[0m - [0;32mEpisode: 0/300, Reward: -127.22, Loss: 0.000000, Epsilon: 1.0000, Speed: 821.96 steps/s[0m
2025-02-27 19:03:47 - train_20250227_190342 - [0;32mINFO[0m - [0;32mæ¨¡å‹å·²ä¿å­˜è‡³: checkpoints\model_best.pth[0m
2025-02-27 19:03:47 - train_20250227_190342 - [0;32mINFO[0m - [0;32mæ¨¡å‹å·²ä¿å­˜è‡³: checkpoints\model_episode_0.pth[0m
2025-02-27 19:03:47 - train_20250227_190342 - [0;32mINFO[0m - [0;32mæ¨¡å‹å·²ä¿å­˜è‡³: checkpoints\model_best.pth[0m
2025-02-27 19:03:47 - train_20250227_190342 - [0;32mINFO[0m - [0;32mæ¨¡å‹å·²ä¿å­˜è‡³: checkpoints\model_best.pth[0m
2025-02-27 19:03:47 - train_20250227_190342 - [0;32mINFO[0m - [0;32mæ¨¡å‹å·²ä¿å­˜è‡³: checkpoints\model_best.pth[0m
2025-02-27 19:03:48 - train_20250227_190342 - [0;32mINFO[0m - [0;32mæ¨¡å‹å·²ä¿å­˜è‡³: checkpoints\model_best.pth[0m
2025-02-27 19:03:49 - train_20250227_190342 - [0;32mINFO[0m - [0;32mæ¨¡å‹å·²ä¿å­˜è‡³: checkpoints\model_best.pth[0m
2025-02-27 19:03:49 - train_20250227_190342 - [0;32mINFO[0m - [0;32mæ¨¡å‹å·²ä¿å­˜è‡³: checkpoints\model_best.pth[0m
2025-02-27 19:03:50 - train_20250227_190342 - [0;32mINFO[0m - [0;32mæ¨¡å‹å·²ä¿å­˜è‡³: checkpoints\model_best.pth[0m
2025-02-27 19:03:51 - train_20250227_190342 - [0;32mINFO[0m - [0;32mæ¨¡å‹å·²ä¿å­˜è‡³: checkpoints\model_best.pth[0m
2025-02-27 19:03:52 - train_20250227_190342 - [0;32mINFO[0m - [0;32mæ¨¡å‹å·²ä¿å­˜è‡³: checkpoints\model_best.pth[0m
2025-02-27 19:03:53 - train_20250227_190342 - [0;32mINFO[0m - [0;32mæ¨¡å‹å·²ä¿å­˜è‡³: checkpoints\model_best.pth[0m
2025-02-27 19:03:53 - train_20250227_190342 - [0;32mINFO[0m - [0;32mæ¨¡å‹å·²ä¿å­˜è‡³: checkpoints\model_episode_50.pth[0m
2025-02-27 19:04:08 - train_20250227_190342 - [0;32mINFO[0m - [0;32mEpisode: 100/300, Reward: -348.83, Loss: 5189.846826, Epsilon: 0.0100, Speed: 53.92 steps/s[0m
2025-02-27 19:04:11 - train_20250227_190342 - [0;32mINFO[0m - [0;32mæ¨¡å‹å·²ä¿å­˜è‡³: checkpoints\model_episode_100.pth[0m
2025-02-27 19:04:24 - train_20250227_190342 - [0;32mINFO[0m - [0;32mæ¨¡å‹å·²ä¿å­˜è‡³: checkpoints\model_episode_150.pth[0m
2025-02-27 19:04:34 - train_20250227_190342 - [0;32mINFO[0m - [0;32mEpisode: 200/300, Reward: 15.81, Loss: 14041.397949, Epsilon: 0.0100, Speed: 50.35 steps/s[0m
2025-02-27 19:04:36 - train_20250227_190342 - [0;32mINFO[0m - [0;32mæ¨¡å‹å·²ä¿å­˜è‡³: checkpoints\model_episode_200.pth[0m
2025-02-27 19:04:47 - train_20250227_190342 - [0;32mINFO[0m - [0;32mæ¨¡å‹å·²ä¿å­˜è‡³: checkpoints\model_episode_250.pth[0m
2025-02-27 19:04:57 - train_20250227_190342 - [0;32mINFO[0m - [0;32mè®­ç»ƒå†å²å·²ä¿å­˜è‡³: logs\train_20250227_190342\training_history.json[0m
2025-02-27 19:05:00 - train_20250227_190342 - [0;32mINFO[0m - [0;32mè®­ç»ƒå®Œæˆï¼[0m
